0 info it worked if it ends with ok
1 verbose cli [ 'C:\\Program Files\\nodejs\\node.exe',
1 verbose cli   'C:\\Program Files\\nodejs\\node_modules\\npm\\bin\\npm-cli.js',
1 verbose cli   'publish' ]
2 info using npm@3.10.9
3 info using node@v6.9.2
4 verbose publish [ '.' ]
5 silly cache add args [ '.', null ]
6 verbose cache add spec .
7 silly cache add parsed spec Result {
7 silly cache add   raw: '.',
7 silly cache add   scope: null,
7 silly cache add   escapedName: null,
7 silly cache add   name: null,
7 silly cache add   rawSpec: '.',
7 silly cache add   spec: 'F:\\project\\StephenUI-angular',
7 silly cache add   type: 'directory' }
8 verbose addLocalDirectory C:\Users\Ma Ming\AppData\Roaming\npm-cache\stephen-ui-angular\0.0.6\package.tgz not in flight; packing
9 verbose correctMkdir C:\Users\Ma Ming\AppData\Roaming\npm-cache correctMkdir not in flight; initializing
10 info lifecycle stephen-ui-angular@0.0.6~prepublish: stephen-ui-angular@0.0.6
11 silly lifecycle stephen-ui-angular@0.0.6~prepublish: no script for prepublish, continuing
12 verbose tar pack [ 'C:\\Users\\Ma Ming\\AppData\\Roaming\\npm-cache\\stephen-ui-angular\\0.0.6\\package.tgz',
12 verbose tar pack   'F:\\project\\StephenUI-angular' ]
13 verbose tarball C:\Users\Ma Ming\AppData\Roaming\npm-cache\stephen-ui-angular\0.0.6\package.tgz
14 verbose folder F:\project\StephenUI-angular
15 verbose addLocalTarball adding from inside cache C:\Users\Ma Ming\AppData\Roaming\npm-cache\stephen-ui-angular\0.0.6\package.tgz
16 verbose correctMkdir C:\Users\Ma Ming\AppData\Roaming\npm-cache correctMkdir not in flight; initializing
17 silly cache afterAdd stephen-ui-angular@0.0.6
18 verbose afterAdd C:\Users\Ma Ming\AppData\Roaming\npm-cache\stephen-ui-angular\0.0.6\package\package.json not in flight; writing
19 verbose correctMkdir C:\Users\Ma Ming\AppData\Roaming\npm-cache correctMkdir not in flight; initializing
20 verbose afterAdd C:\Users\Ma Ming\AppData\Roaming\npm-cache\stephen-ui-angular\0.0.6\package\package.json written
21 silly publish { name: 'stephen-ui-angular',
21 silly publish   version: '0.0.6',
21 silly publish   description: 'stephen-ui-angular',
21 silly publish   main: 'index.js',
21 silly publish   scripts:
21 silly publish    { test: 'echo "Error: no test specified" && exit 1',
21 silly publish      start: 'node server.js',
21 silly publish      build: 'webpack --config webpack-build.config.js' },
21 silly publish   repository:
21 silly publish    { type: 'git',
21 silly publish      url: 'git+https://github.com/King-of-comedy/StephenUI-angular.git' },
21 silly publish   author: { name: 'mmmaming & fnjoe' },
21 silly publish   license: 'ISC',
21 silly publish   bugs: { url: 'https://github.com/King-of-comedy/StephenUI-angular/issues' },
21 silly publish   homepage: 'https://github.com/King-of-comedy/StephenUI-angular#readme',
21 silly publish   dependencies: { angular: '^1.6.2', 'clean-webpack-plugin': '^0.1.15' },
21 silly publish   devDependencies:
21 silly publish    { 'babel-core': '^6.22.1',
21 silly publish      'babel-loader': '^6.2.10',
21 silly publish      'babel-preset-es2015': '^6.22.0',
21 silly publish      'css-loader': '^0.26.1',
21 silly publish      express: '^4.14.0',
21 silly publish      'html-loader': '^0.4.4',
21 silly publish      'node-sass': '^4.3.0',
21 silly publish      'postcss-loader': '^1.2.2',
21 silly publish      'sass-loader': '^4.1.1',
21 silly publish      'style-loader': '^0.13.1',
21 silly publish      webpack: '^1.14.0',
21 silly publish      'webpack-dev-middleware': '^1.9.0',
21 silly publish      'webpack-hot-middleware': '^2.15.0' },
21 silly publish   gitHead: 'a1a097ba091227a63f435762c3eddc0b3fef2682',
21 silly publish   readme: 'ERROR: No README data found!',
21 silly publish   _id: 'stephen-ui-angular@0.0.6',
21 silly publish   _shasum: 'a8a1e129c00cfceb9ae5be03f0cc368b0b28eb97',
21 silly publish   _from: '.' }
22 verbose getPublishConfig undefined
23 silly mapToRegistry name stephen-ui-angular
24 silly mapToRegistry using default registry
25 silly mapToRegistry registry https://registry.npmjs.org/
26 silly mapToRegistry data Result {
26 silly mapToRegistry   raw: 'stephen-ui-angular',
26 silly mapToRegistry   scope: null,
26 silly mapToRegistry   escapedName: 'stephen-ui-angular',
26 silly mapToRegistry   name: 'stephen-ui-angular',
26 silly mapToRegistry   rawSpec: '',
26 silly mapToRegistry   spec: 'latest',
26 silly mapToRegistry   type: 'tag' }
27 silly mapToRegistry uri https://registry.npmjs.org/stephen-ui-angular
28 verbose publish registryBase https://registry.npmjs.org/
29 silly publish uploading C:\Users\Ma Ming\AppData\Roaming\npm-cache\stephen-ui-angular\0.0.6\package.tgz
30 verbose request uri https://registry.npmjs.org/stephen-ui-angular
31 verbose request sending authorization for write operation
32 info attempt registry request try #1 at 17:48:54
33 verbose request using bearer token for auth
34 verbose request id 1020f2fca61390b6
35 http request PUT https://registry.npmjs.org/stephen-ui-angular
36 http 403 https://registry.npmjs.org/stephen-ui-angular
37 verbose headers { 'content-type': 'application/json',
37 verbose headers   'cache-control': 'max-age=300',
37 verbose headers   'content-length': '95',
37 verbose headers   'accept-ranges': 'bytes',
37 verbose headers   date: 'Tue, 28 Feb 2017 09:48:54 GMT',
37 verbose headers   via: '1.1 varnish',
37 verbose headers   connection: 'keep-alive',
37 verbose headers   'x-served-by': 'cache-nrt6125-NRT',
37 verbose headers   'x-cache': 'MISS',
37 verbose headers   'x-cache-hits': '0',
37 verbose headers   'x-timer': 'S1488275334.218964,VS0,VE161',
37 verbose headers   vary: 'Accept-Encoding' }
38 verbose request invalidating C:\Users\Ma Ming\AppData\Roaming\npm-cache\registry.npmjs.org\stephen-ui-angular on PUT
39 error publish Failed PUT 403
40 verbose stack Error: "You cannot publish over the previously published version 0.0.6." : stephen-ui-angular
40 verbose stack     at makeError (C:\Program Files\nodejs\node_modules\npm\node_modules\npm-registry-client\lib\request.js:302:12)
40 verbose stack     at CachingRegistryClient.<anonymous> (C:\Program Files\nodejs\node_modules\npm\node_modules\npm-registry-client\lib\request.js:290:14)
40 verbose stack     at Request._callback (C:\Program Files\nodejs\node_modules\npm\node_modules\npm-registry-client\lib\request.js:210:14)
40 verbose stack     at Request.self.callback (C:\Program Files\nodejs\node_modules\npm\node_modules\request\request.js:187:22)
40 verbose stack     at emitTwo (events.js:106:13)
40 verbose stack     at Request.emit (events.js:191:7)
40 verbose stack     at Request.<anonymous> (C:\Program Files\nodejs\node_modules\npm\node_modules\request\request.js:1048:10)
40 verbose stack     at emitOne (events.js:96:13)
40 verbose stack     at Request.emit (events.js:188:7)
40 verbose stack     at IncomingMessage.<anonymous> (C:\Program Files\nodejs\node_modules\npm\node_modules\request\request.js:969:12)
41 verbose statusCode 403
42 verbose pkgid stephen-ui-angular
43 verbose cwd F:\project\StephenUI-angular
44 error Windows_NT 10.0.14393
45 error argv "C:\\Program Files\\nodejs\\node.exe" "C:\\Program Files\\nodejs\\node_modules\\npm\\bin\\npm-cli.js" "publish"
46 error node v6.9.2
47 error npm  v3.10.9
48 error code E403
49 error "You cannot publish over the previously published version 0.0.6." : stephen-ui-angular
50 error If you need help, you may report this error at:
50 error     <https://github.com/npm/npm/issues>
51 verbose exit [ 1, true ]
